ERROR - 2023-03-02 12:46:51 --> mysqli_sql_exception: Column 'checkoff' cannot be null in /var/www/html/shoppinglist/system/Database/MySQLi/Connection.php:292
Stack trace:
#0 /var/www/html/shoppinglist/system/Database/MySQLi/Connection.php(292): mysqli->query()
#1 /var/www/html/shoppinglist/system/Database/BaseConnection.php(666): CodeIgniter\Database\MySQLi\Connection->execute()
#2 /var/www/html/shoppinglist/system/Database/BaseConnection.php(593): CodeIgniter\Database\BaseConnection->simpleQuery()
#3 /var/www/html/shoppinglist/system/Database/BaseBuilder.php(1916): CodeIgniter\Database\BaseConnection->query()
#4 /var/www/html/shoppinglist/system/Model.php(279): CodeIgniter\Database\BaseBuilder->insert()
#5 /var/www/html/shoppinglist/system/BaseModel.php(749): CodeIgniter\Model->doInsert()
#6 /var/www/html/shoppinglist/system/Model.php(667): CodeIgniter\BaseModel->insert()
#7 /var/www/html/shoppinglist/app/Controllers/Shoppinglist.php(31): CodeIgniter\Model->insert()
#8 /var/www/html/shoppinglist/system/CodeIgniter.php(927): App\Controllers\ShoppingList->addItem()
#9 /var/www/html/shoppinglist/system/CodeIgniter.php(482): CodeIgniter\CodeIgniter->runController()
#10 /var/www/html/shoppinglist/system/CodeIgniter.php(351): CodeIgniter\CodeIgniter->handleRequest()
#11 /var/www/html/shoppinglist/index.php(67): CodeIgniter\CodeIgniter->run()
#12 {main}
CRITICAL - 2023-03-02 12:46:51 --> Column 'checkoff' cannot be null
in SYSTEMPATH/Database/MySQLi/Connection.php on line 292.
 1 SYSTEMPATH/Database/MySQLi/Connection.php(292): mysqli->query()
 2 SYSTEMPATH/Database/BaseConnection.php(666): CodeIgniter\Database\MySQLi\Connection->execute()
 3 SYSTEMPATH/Database/BaseConnection.php(593): CodeIgniter\Database\BaseConnection->simpleQuery()
 4 SYSTEMPATH/Database/BaseBuilder.php(1916): CodeIgniter\Database\BaseConnection->query()
 5 SYSTEMPATH/Model.php(279): CodeIgniter\Database\BaseBuilder->insert()
 6 SYSTEMPATH/BaseModel.php(749): CodeIgniter\Model->doInsert()
 7 SYSTEMPATH/Model.php(667): CodeIgniter\BaseModel->insert()
 8 APPPATH/Controllers/Shoppinglist.php(31): CodeIgniter\Model->insert()
 9 SYSTEMPATH/CodeIgniter.php(927): App\Controllers\ShoppingList->addItem()
10 SYSTEMPATH/CodeIgniter.php(482): CodeIgniter\CodeIgniter->runController()
11 SYSTEMPATH/CodeIgniter.php(351): CodeIgniter\CodeIgniter->handleRequest()
12 FCPATH/index.php(67): CodeIgniter\CodeIgniter->run()
ERROR - 2023-03-02 12:48:28 --> mysqli_sql_exception: Column 'checkoff' cannot be null in /var/www/html/shoppinglist/system/Database/MySQLi/Connection.php:292
Stack trace:
#0 /var/www/html/shoppinglist/system/Database/MySQLi/Connection.php(292): mysqli->query()
#1 /var/www/html/shoppinglist/system/Database/BaseConnection.php(666): CodeIgniter\Database\MySQLi\Connection->execute()
#2 /var/www/html/shoppinglist/system/Database/BaseConnection.php(593): CodeIgniter\Database\BaseConnection->simpleQuery()
#3 /var/www/html/shoppinglist/system/Database/BaseBuilder.php(1916): CodeIgniter\Database\BaseConnection->query()
#4 /var/www/html/shoppinglist/system/Model.php(279): CodeIgniter\Database\BaseBuilder->insert()
#5 /var/www/html/shoppinglist/system/BaseModel.php(749): CodeIgniter\Model->doInsert()
#6 /var/www/html/shoppinglist/system/Model.php(667): CodeIgniter\BaseModel->insert()
#7 /var/www/html/shoppinglist/app/Controllers/Shoppinglist.php(31): CodeIgniter\Model->insert()
#8 /var/www/html/shoppinglist/system/CodeIgniter.php(927): App\Controllers\ShoppingList->addItem()
#9 /var/www/html/shoppinglist/system/CodeIgniter.php(482): CodeIgniter\CodeIgniter->runController()
#10 /var/www/html/shoppinglist/system/CodeIgniter.php(351): CodeIgniter\CodeIgniter->handleRequest()
#11 /var/www/html/shoppinglist/index.php(67): CodeIgniter\CodeIgniter->run()
#12 {main}
CRITICAL - 2023-03-02 12:48:28 --> Column 'checkoff' cannot be null
in SYSTEMPATH/Database/MySQLi/Connection.php on line 292.
 1 SYSTEMPATH/Database/MySQLi/Connection.php(292): mysqli->query()
 2 SYSTEMPATH/Database/BaseConnection.php(666): CodeIgniter\Database\MySQLi\Connection->execute()
 3 SYSTEMPATH/Database/BaseConnection.php(593): CodeIgniter\Database\BaseConnection->simpleQuery()
 4 SYSTEMPATH/Database/BaseBuilder.php(1916): CodeIgniter\Database\BaseConnection->query()
 5 SYSTEMPATH/Model.php(279): CodeIgniter\Database\BaseBuilder->insert()
 6 SYSTEMPATH/BaseModel.php(749): CodeIgniter\Model->doInsert()
 7 SYSTEMPATH/Model.php(667): CodeIgniter\BaseModel->insert()
 8 APPPATH/Controllers/Shoppinglist.php(31): CodeIgniter\Model->insert()
 9 SYSTEMPATH/CodeIgniter.php(927): App\Controllers\ShoppingList->addItem()
10 SYSTEMPATH/CodeIgniter.php(482): CodeIgniter\CodeIgniter->runController()
11 SYSTEMPATH/CodeIgniter.php(351): CodeIgniter\CodeIgniter->handleRequest()
12 FCPATH/index.php(67): CodeIgniter\CodeIgniter->run()
ERROR - 2023-03-02 12:48:35 --> mysqli_sql_exception: Column 'checkoff' cannot be null in /var/www/html/shoppinglist/system/Database/MySQLi/Connection.php:292
Stack trace:
#0 /var/www/html/shoppinglist/system/Database/MySQLi/Connection.php(292): mysqli->query()
#1 /var/www/html/shoppinglist/system/Database/BaseConnection.php(666): CodeIgniter\Database\MySQLi\Connection->execute()
#2 /var/www/html/shoppinglist/system/Database/BaseConnection.php(593): CodeIgniter\Database\BaseConnection->simpleQuery()
#3 /var/www/html/shoppinglist/system/Database/BaseBuilder.php(1916): CodeIgniter\Database\BaseConnection->query()
#4 /var/www/html/shoppinglist/system/Model.php(279): CodeIgniter\Database\BaseBuilder->insert()
#5 /var/www/html/shoppinglist/system/BaseModel.php(749): CodeIgniter\Model->doInsert()
#6 /var/www/html/shoppinglist/system/Model.php(667): CodeIgniter\BaseModel->insert()
#7 /var/www/html/shoppinglist/app/Controllers/Shoppinglist.php(31): CodeIgniter\Model->insert()
#8 /var/www/html/shoppinglist/system/CodeIgniter.php(927): App\Controllers\ShoppingList->addItem()
#9 /var/www/html/shoppinglist/system/CodeIgniter.php(482): CodeIgniter\CodeIgniter->runController()
#10 /var/www/html/shoppinglist/system/CodeIgniter.php(351): CodeIgniter\CodeIgniter->handleRequest()
#11 /var/www/html/shoppinglist/index.php(67): CodeIgniter\CodeIgniter->run()
#12 {main}
CRITICAL - 2023-03-02 12:48:35 --> Column 'checkoff' cannot be null
in SYSTEMPATH/Database/MySQLi/Connection.php on line 292.
 1 SYSTEMPATH/Database/MySQLi/Connection.php(292): mysqli->query()
 2 SYSTEMPATH/Database/BaseConnection.php(666): CodeIgniter\Database\MySQLi\Connection->execute()
 3 SYSTEMPATH/Database/BaseConnection.php(593): CodeIgniter\Database\BaseConnection->simpleQuery()
 4 SYSTEMPATH/Database/BaseBuilder.php(1916): CodeIgniter\Database\BaseConnection->query()
 5 SYSTEMPATH/Model.php(279): CodeIgniter\Database\BaseBuilder->insert()
 6 SYSTEMPATH/BaseModel.php(749): CodeIgniter\Model->doInsert()
 7 SYSTEMPATH/Model.php(667): CodeIgniter\BaseModel->insert()
 8 APPPATH/Controllers/Shoppinglist.php(31): CodeIgniter\Model->insert()
 9 SYSTEMPATH/CodeIgniter.php(927): App\Controllers\ShoppingList->addItem()
10 SYSTEMPATH/CodeIgniter.php(482): CodeIgniter\CodeIgniter->runController()
11 SYSTEMPATH/CodeIgniter.php(351): CodeIgniter\CodeIgniter->handleRequest()
12 FCPATH/index.php(67): CodeIgniter\CodeIgniter->run()
