CRITICAL - 2022-12-19 16:03:25 --> Undefined variable: request
in APPPATH/Controllers/Shoppinglist.php on line 27.
 1 APPPATH/Controllers/Shoppinglist.php(27): CodeIgniter\Debug\Exceptions->errorHandler()
 2 SYSTEMPATH/CodeIgniter.php(927): App\Controllers\ShoppingList->addItem()
 3 SYSTEMPATH/CodeIgniter.php(482): CodeIgniter\CodeIgniter->runController()
 4 SYSTEMPATH/CodeIgniter.php(351): CodeIgniter\CodeIgniter->handleRequest()
 5 FCPATH/index.php(67): CodeIgniter\CodeIgniter->run()
CRITICAL - 2022-12-19 16:06:13 --> Undefined variable: request
in APPPATH/Controllers/Shoppinglist.php on line 27.
 1 APPPATH/Controllers/Shoppinglist.php(27): CodeIgniter\Debug\Exceptions->errorHandler()
 2 SYSTEMPATH/CodeIgniter.php(927): App\Controllers\ShoppingList->addItem()
 3 SYSTEMPATH/CodeIgniter.php(482): CodeIgniter\CodeIgniter->runController()
 4 SYSTEMPATH/CodeIgniter.php(351): CodeIgniter\CodeIgniter->handleRequest()
 5 FCPATH/index.php(67): CodeIgniter\CodeIgniter->run()
CRITICAL - 2022-12-19 16:07:07 --> Undefined variable: request
in APPPATH/Controllers/Shoppinglist.php on line 27.
 1 APPPATH/Controllers/Shoppinglist.php(27): CodeIgniter\Debug\Exceptions->errorHandler()
 2 SYSTEMPATH/CodeIgniter.php(927): App\Controllers\ShoppingList->addItem()
 3 SYSTEMPATH/CodeIgniter.php(482): CodeIgniter\CodeIgniter->runController()
 4 SYSTEMPATH/CodeIgniter.php(351): CodeIgniter\CodeIgniter->handleRequest()
 5 FCPATH/index.php(67): CodeIgniter\CodeIgniter->run()
CRITICAL - 2022-12-19 16:08:14 --> Undefined variable: request
in APPPATH/Controllers/Shoppinglist.php on line 27.
 1 APPPATH/Controllers/Shoppinglist.php(27): CodeIgniter\Debug\Exceptions->errorHandler()
 2 SYSTEMPATH/CodeIgniter.php(927): App\Controllers\ShoppingList->addItem()
 3 SYSTEMPATH/CodeIgniter.php(482): CodeIgniter\CodeIgniter->runController()
 4 SYSTEMPATH/CodeIgniter.php(351): CodeIgniter\CodeIgniter->handleRequest()
 5 FCPATH/index.php(67): CodeIgniter\CodeIgniter->run()
CRITICAL - 2022-12-19 16:37:30 --> Deletes are not allowed unless they contain a "where" or "like" clause.
in SYSTEMPATH/Database/BaseBuilder.php on line 2367.
 1 SYSTEMPATH/Model.php(401): CodeIgniter\Database\BaseBuilder->delete()
 2 SYSTEMPATH/BaseModel.php(984): CodeIgniter\Model->doDelete()
 3 APPPATH/Controllers/Shoppinglist.php(42): CodeIgniter\BaseModel->delete()
 4 SYSTEMPATH/CodeIgniter.php(927): App\Controllers\ShoppingList->clear()
 5 SYSTEMPATH/CodeIgniter.php(482): CodeIgniter\CodeIgniter->runController()
 6 SYSTEMPATH/CodeIgniter.php(351): CodeIgniter\CodeIgniter->handleRequest()
 7 FCPATH/index.php(67): CodeIgniter\CodeIgniter->run()
CRITICAL - 2022-12-19 16:37:31 --> Deletes are not allowed unless they contain a "where" or "like" clause.
in SYSTEMPATH/Database/BaseBuilder.php on line 2367.
 1 SYSTEMPATH/Model.php(401): CodeIgniter\Database\BaseBuilder->delete()
 2 SYSTEMPATH/BaseModel.php(984): CodeIgniter\Model->doDelete()
 3 APPPATH/Controllers/Shoppinglist.php(42): CodeIgniter\BaseModel->delete()
 4 SYSTEMPATH/CodeIgniter.php(927): App\Controllers\ShoppingList->clear()
 5 SYSTEMPATH/CodeIgniter.php(482): CodeIgniter\CodeIgniter->runController()
 6 SYSTEMPATH/CodeIgniter.php(351): CodeIgniter\CodeIgniter->handleRequest()
 7 FCPATH/index.php(67): CodeIgniter\CodeIgniter->run()
CRITICAL - 2022-12-19 16:37:32 --> Deletes are not allowed unless they contain a "where" or "like" clause.
in SYSTEMPATH/Database/BaseBuilder.php on line 2367.
 1 SYSTEMPATH/Model.php(401): CodeIgniter\Database\BaseBuilder->delete()
 2 SYSTEMPATH/BaseModel.php(984): CodeIgniter\Model->doDelete()
 3 APPPATH/Controllers/Shoppinglist.php(42): CodeIgniter\BaseModel->delete()
 4 SYSTEMPATH/CodeIgniter.php(927): App\Controllers\ShoppingList->clear()
 5 SYSTEMPATH/CodeIgniter.php(482): CodeIgniter\CodeIgniter->runController()
 6 SYSTEMPATH/CodeIgniter.php(351): CodeIgniter\CodeIgniter->handleRequest()
 7 FCPATH/index.php(67): CodeIgniter\CodeIgniter->run()
CRITICAL - 2022-12-19 16:37:33 --> Deletes are not allowed unless they contain a "where" or "like" clause.
in SYSTEMPATH/Database/BaseBuilder.php on line 2367.
 1 SYSTEMPATH/Model.php(401): CodeIgniter\Database\BaseBuilder->delete()
 2 SYSTEMPATH/BaseModel.php(984): CodeIgniter\Model->doDelete()
 3 APPPATH/Controllers/Shoppinglist.php(42): CodeIgniter\BaseModel->delete()
 4 SYSTEMPATH/CodeIgniter.php(927): App\Controllers\ShoppingList->clear()
 5 SYSTEMPATH/CodeIgniter.php(482): CodeIgniter\CodeIgniter->runController()
 6 SYSTEMPATH/CodeIgniter.php(351): CodeIgniter\CodeIgniter->handleRequest()
 7 FCPATH/index.php(67): CodeIgniter\CodeIgniter->run()
CRITICAL - 2022-12-19 16:37:33 --> Deletes are not allowed unless they contain a "where" or "like" clause.
in SYSTEMPATH/Database/BaseBuilder.php on line 2367.
 1 SYSTEMPATH/Model.php(401): CodeIgniter\Database\BaseBuilder->delete()
 2 SYSTEMPATH/BaseModel.php(984): CodeIgniter\Model->doDelete()
 3 APPPATH/Controllers/Shoppinglist.php(42): CodeIgniter\BaseModel->delete()
 4 SYSTEMPATH/CodeIgniter.php(927): App\Controllers\ShoppingList->clear()
 5 SYSTEMPATH/CodeIgniter.php(482): CodeIgniter\CodeIgniter->runController()
 6 SYSTEMPATH/CodeIgniter.php(351): CodeIgniter\CodeIgniter->handleRequest()
 7 FCPATH/index.php(67): CodeIgniter\CodeIgniter->run()
CRITICAL - 2022-12-19 16:37:33 --> Deletes are not allowed unless they contain a "where" or "like" clause.
in SYSTEMPATH/Database/BaseBuilder.php on line 2367.
 1 SYSTEMPATH/Model.php(401): CodeIgniter\Database\BaseBuilder->delete()
 2 SYSTEMPATH/BaseModel.php(984): CodeIgniter\Model->doDelete()
 3 APPPATH/Controllers/Shoppinglist.php(42): CodeIgniter\BaseModel->delete()
 4 SYSTEMPATH/CodeIgniter.php(927): App\Controllers\ShoppingList->clear()
 5 SYSTEMPATH/CodeIgniter.php(482): CodeIgniter\CodeIgniter->runController()
 6 SYSTEMPATH/CodeIgniter.php(351): CodeIgniter\CodeIgniter->handleRequest()
 7 FCPATH/index.php(67): CodeIgniter\CodeIgniter->run()
CRITICAL - 2022-12-19 16:37:51 --> Deletes are not allowed unless they contain a "where" or "like" clause.
in SYSTEMPATH/Database/BaseBuilder.php on line 2367.
 1 SYSTEMPATH/Model.php(401): CodeIgniter\Database\BaseBuilder->delete()
 2 SYSTEMPATH/BaseModel.php(984): CodeIgniter\Model->doDelete()
 3 APPPATH/Controllers/Shoppinglist.php(42): CodeIgniter\BaseModel->delete()
 4 SYSTEMPATH/CodeIgniter.php(927): App\Controllers\ShoppingList->clear()
 5 SYSTEMPATH/CodeIgniter.php(482): CodeIgniter\CodeIgniter->runController()
 6 SYSTEMPATH/CodeIgniter.php(351): CodeIgniter\CodeIgniter->handleRequest()
 7 FCPATH/index.php(67): CodeIgniter\CodeIgniter->run()
CRITICAL - 2022-12-19 16:38:23 --> Deletes are not allowed unless they contain a "where" or "like" clause.
in SYSTEMPATH/Database/BaseBuilder.php on line 2367.
 1 SYSTEMPATH/Model.php(401): CodeIgniter\Database\BaseBuilder->delete()
 2 SYSTEMPATH/BaseModel.php(984): CodeIgniter\Model->doDelete()
 3 APPPATH/Controllers/Shoppinglist.php(42): CodeIgniter\BaseModel->delete()
 4 SYSTEMPATH/CodeIgniter.php(927): App\Controllers\ShoppingList->clear()
 5 SYSTEMPATH/CodeIgniter.php(482): CodeIgniter\CodeIgniter->runController()
 6 SYSTEMPATH/CodeIgniter.php(351): CodeIgniter\CodeIgniter->handleRequest()
 7 FCPATH/index.php(67): CodeIgniter\CodeIgniter->run()
ERROR - 2022-12-19 16:38:56 --> mysqli_sql_exception: You have an error in your SQL syntax; check the manual that corresponds to your MySQL server version for the right syntax to use near ':1:' at line 2 in /var/www/html/shoppinglist/system/Database/MySQLi/Connection.php:292
Stack trace:
#0 /var/www/html/shoppinglist/system/Database/MySQLi/Connection.php(292): mysqli->query()
#1 /var/www/html/shoppinglist/system/Database/BaseConnection.php(666): CodeIgniter\Database\MySQLi\Connection->execute()
#2 /var/www/html/shoppinglist/system/Database/BaseConnection.php(593): CodeIgniter\Database\BaseConnection->simpleQuery()
#3 /var/www/html/shoppinglist/system/Database/BaseBuilder.php(2391): CodeIgniter\Database\BaseConnection->query()
#4 /var/www/html/shoppinglist/system/Model.php(401): CodeIgniter\Database\BaseBuilder->delete()
#5 /var/www/html/shoppinglist/system/BaseModel.php(984): CodeIgniter\Model->doDelete()
#6 /var/www/html/shoppinglist/app/Controllers/Shoppinglist.php(42): CodeIgniter\BaseModel->delete()
#7 /var/www/html/shoppinglist/system/CodeIgniter.php(927): App\Controllers\ShoppingList->clear()
#8 /var/www/html/shoppinglist/system/CodeIgniter.php(482): CodeIgniter\CodeIgniter->runController()
#9 /var/www/html/shoppinglist/system/CodeIgniter.php(351): CodeIgniter\CodeIgniter->handleRequest()
#10 /var/www/html/shoppinglist/index.php(67): CodeIgniter\CodeIgniter->run()
#11 {main}
CRITICAL - 2022-12-19 16:38:56 --> You have an error in your SQL syntax; check the manual that corresponds to your MySQL server version for the right syntax to use near ':1:' at line 2
in SYSTEMPATH/Database/MySQLi/Connection.php on line 292.
 1 SYSTEMPATH/Database/MySQLi/Connection.php(292): mysqli->query()
 2 SYSTEMPATH/Database/BaseConnection.php(666): CodeIgniter\Database\MySQLi\Connection->execute()
 3 SYSTEMPATH/Database/BaseConnection.php(593): CodeIgniter\Database\BaseConnection->simpleQuery()
 4 SYSTEMPATH/Database/BaseBuilder.php(2391): CodeIgniter\Database\BaseConnection->query()
 5 SYSTEMPATH/Model.php(401): CodeIgniter\Database\BaseBuilder->delete()
 6 SYSTEMPATH/BaseModel.php(984): CodeIgniter\Model->doDelete()
 7 APPPATH/Controllers/Shoppinglist.php(42): CodeIgniter\BaseModel->delete()
 8 SYSTEMPATH/CodeIgniter.php(927): App\Controllers\ShoppingList->clear()
 9 SYSTEMPATH/CodeIgniter.php(482): CodeIgniter\CodeIgniter->runController()
10 SYSTEMPATH/CodeIgniter.php(351): CodeIgniter\CodeIgniter->handleRequest()
11 FCPATH/index.php(67): CodeIgniter\CodeIgniter->run()
ERROR - 2022-12-19 16:39:29 --> mysqli_sql_exception: You have an error in your SQL syntax; check the manual that corresponds to your MySQL server version for the right syntax to use near ':1:' at line 2 in /var/www/html/shoppinglist/system/Database/MySQLi/Connection.php:292
Stack trace:
#0 /var/www/html/shoppinglist/system/Database/MySQLi/Connection.php(292): mysqli->query()
#1 /var/www/html/shoppinglist/system/Database/BaseConnection.php(666): CodeIgniter\Database\MySQLi\Connection->execute()
#2 /var/www/html/shoppinglist/system/Database/BaseConnection.php(593): CodeIgniter\Database\BaseConnection->simpleQuery()
#3 /var/www/html/shoppinglist/system/Database/BaseBuilder.php(2391): CodeIgniter\Database\BaseConnection->query()
#4 /var/www/html/shoppinglist/system/Model.php(401): CodeIgniter\Database\BaseBuilder->delete()
#5 /var/www/html/shoppinglist/system/BaseModel.php(984): CodeIgniter\Model->doDelete()
#6 /var/www/html/shoppinglist/app/Controllers/Shoppinglist.php(42): CodeIgniter\BaseModel->delete()
#7 /var/www/html/shoppinglist/system/CodeIgniter.php(927): App\Controllers\ShoppingList->clear()
#8 /var/www/html/shoppinglist/system/CodeIgniter.php(482): CodeIgniter\CodeIgniter->runController()
#9 /var/www/html/shoppinglist/system/CodeIgniter.php(351): CodeIgniter\CodeIgniter->handleRequest()
#10 /var/www/html/shoppinglist/index.php(67): CodeIgniter\CodeIgniter->run()
#11 {main}
CRITICAL - 2022-12-19 16:39:29 --> You have an error in your SQL syntax; check the manual that corresponds to your MySQL server version for the right syntax to use near ':1:' at line 2
in SYSTEMPATH/Database/MySQLi/Connection.php on line 292.
 1 SYSTEMPATH/Database/MySQLi/Connection.php(292): mysqli->query()
 2 SYSTEMPATH/Database/BaseConnection.php(666): CodeIgniter\Database\MySQLi\Connection->execute()
 3 SYSTEMPATH/Database/BaseConnection.php(593): CodeIgniter\Database\BaseConnection->simpleQuery()
 4 SYSTEMPATH/Database/BaseBuilder.php(2391): CodeIgniter\Database\BaseConnection->query()
 5 SYSTEMPATH/Model.php(401): CodeIgniter\Database\BaseBuilder->delete()
 6 SYSTEMPATH/BaseModel.php(984): CodeIgniter\Model->doDelete()
 7 APPPATH/Controllers/Shoppinglist.php(42): CodeIgniter\BaseModel->delete()
 8 SYSTEMPATH/CodeIgniter.php(927): App\Controllers\ShoppingList->clear()
 9 SYSTEMPATH/CodeIgniter.php(482): CodeIgniter\CodeIgniter->runController()
10 SYSTEMPATH/CodeIgniter.php(351): CodeIgniter\CodeIgniter->handleRequest()
11 FCPATH/index.php(67): CodeIgniter\CodeIgniter->run()
ERROR - 2022-12-19 16:39:31 --> mysqli_sql_exception: You have an error in your SQL syntax; check the manual that corresponds to your MySQL server version for the right syntax to use near ':1:' at line 2 in /var/www/html/shoppinglist/system/Database/MySQLi/Connection.php:292
Stack trace:
#0 /var/www/html/shoppinglist/system/Database/MySQLi/Connection.php(292): mysqli->query()
#1 /var/www/html/shoppinglist/system/Database/BaseConnection.php(666): CodeIgniter\Database\MySQLi\Connection->execute()
#2 /var/www/html/shoppinglist/system/Database/BaseConnection.php(593): CodeIgniter\Database\BaseConnection->simpleQuery()
#3 /var/www/html/shoppinglist/system/Database/BaseBuilder.php(2391): CodeIgniter\Database\BaseConnection->query()
#4 /var/www/html/shoppinglist/system/Model.php(401): CodeIgniter\Database\BaseBuilder->delete()
#5 /var/www/html/shoppinglist/system/BaseModel.php(984): CodeIgniter\Model->doDelete()
#6 /var/www/html/shoppinglist/app/Controllers/Shoppinglist.php(42): CodeIgniter\BaseModel->delete()
#7 /var/www/html/shoppinglist/system/CodeIgniter.php(927): App\Controllers\ShoppingList->clear()
#8 /var/www/html/shoppinglist/system/CodeIgniter.php(482): CodeIgniter\CodeIgniter->runController()
#9 /var/www/html/shoppinglist/system/CodeIgniter.php(351): CodeIgniter\CodeIgniter->handleRequest()
#10 /var/www/html/shoppinglist/index.php(67): CodeIgniter\CodeIgniter->run()
#11 {main}
CRITICAL - 2022-12-19 16:39:31 --> You have an error in your SQL syntax; check the manual that corresponds to your MySQL server version for the right syntax to use near ':1:' at line 2
in SYSTEMPATH/Database/MySQLi/Connection.php on line 292.
 1 SYSTEMPATH/Database/MySQLi/Connection.php(292): mysqli->query()
 2 SYSTEMPATH/Database/BaseConnection.php(666): CodeIgniter\Database\MySQLi\Connection->execute()
 3 SYSTEMPATH/Database/BaseConnection.php(593): CodeIgniter\Database\BaseConnection->simpleQuery()
 4 SYSTEMPATH/Database/BaseBuilder.php(2391): CodeIgniter\Database\BaseConnection->query()
 5 SYSTEMPATH/Model.php(401): CodeIgniter\Database\BaseBuilder->delete()
 6 SYSTEMPATH/BaseModel.php(984): CodeIgniter\Model->doDelete()
 7 APPPATH/Controllers/Shoppinglist.php(42): CodeIgniter\BaseModel->delete()
 8 SYSTEMPATH/CodeIgniter.php(927): App\Controllers\ShoppingList->clear()
 9 SYSTEMPATH/CodeIgniter.php(482): CodeIgniter\CodeIgniter->runController()
10 SYSTEMPATH/CodeIgniter.php(351): CodeIgniter\CodeIgniter->handleRequest()
11 FCPATH/index.php(67): CodeIgniter\CodeIgniter->run()
CRITICAL - 2022-12-19 16:41:53 --> Call to undefined method App\Models\ShoppingModel::empty_table
in SYSTEMPATH/Model.php on line 774.
 1 APPPATH/Controllers/Shoppinglist.php(42): CodeIgniter\Model->__call()
 2 SYSTEMPATH/CodeIgniter.php(927): App\Controllers\ShoppingList->clear()
 3 SYSTEMPATH/CodeIgniter.php(482): CodeIgniter\CodeIgniter->runController()
 4 SYSTEMPATH/CodeIgniter.php(351): CodeIgniter\CodeIgniter->handleRequest()
 5 FCPATH/index.php(67): CodeIgniter\CodeIgniter->run()
CRITICAL - 2022-12-19 16:56:49 --> Undefined variable: checkoff
in APPPATH/Controllers/Shoppinglist.php on line 38.
 1 APPPATH/Controllers/Shoppinglist.php(38): CodeIgniter\Debug\Exceptions->errorHandler()
 2 SYSTEMPATH/CodeIgniter.php(927): App\Controllers\ShoppingList->checkoff()
 3 SYSTEMPATH/CodeIgniter.php(482): CodeIgniter\CodeIgniter->runController()
 4 SYSTEMPATH/CodeIgniter.php(351): CodeIgniter\CodeIgniter->handleRequest()
 5 FCPATH/index.php(67): CodeIgniter\CodeIgniter->run()
CRITICAL - 2022-12-19 16:57:02 --> Undefined variable: checkoff
in APPPATH/Controllers/Shoppinglist.php on line 38.
 1 APPPATH/Controllers/Shoppinglist.php(38): CodeIgniter\Debug\Exceptions->errorHandler()
 2 SYSTEMPATH/CodeIgniter.php(927): App\Controllers\ShoppingList->checkoff()
 3 SYSTEMPATH/CodeIgniter.php(482): CodeIgniter\CodeIgniter->runController()
 4 SYSTEMPATH/CodeIgniter.php(351): CodeIgniter\CodeIgniter->handleRequest()
 5 FCPATH/index.php(67): CodeIgniter\CodeIgniter->run()
CRITICAL - 2022-12-19 16:57:03 --> Undefined variable: checkoff
in APPPATH/Controllers/Shoppinglist.php on line 38.
 1 APPPATH/Controllers/Shoppinglist.php(38): CodeIgniter\Debug\Exceptions->errorHandler()
 2 SYSTEMPATH/CodeIgniter.php(927): App\Controllers\ShoppingList->checkoff()
 3 SYSTEMPATH/CodeIgniter.php(482): CodeIgniter\CodeIgniter->runController()
 4 SYSTEMPATH/CodeIgniter.php(351): CodeIgniter\CodeIgniter->handleRequest()
 5 FCPATH/index.php(67): CodeIgniter\CodeIgniter->run()
CRITICAL - 2022-12-19 16:57:03 --> Undefined variable: checkoff
in APPPATH/Controllers/Shoppinglist.php on line 38.
 1 APPPATH/Controllers/Shoppinglist.php(38): CodeIgniter\Debug\Exceptions->errorHandler()
 2 SYSTEMPATH/CodeIgniter.php(927): App\Controllers\ShoppingList->checkoff()
 3 SYSTEMPATH/CodeIgniter.php(482): CodeIgniter\CodeIgniter->runController()
 4 SYSTEMPATH/CodeIgniter.php(351): CodeIgniter\CodeIgniter->handleRequest()
 5 FCPATH/index.php(67): CodeIgniter\CodeIgniter->run()
CRITICAL - 2022-12-19 16:57:03 --> Undefined variable: checkoff
in APPPATH/Controllers/Shoppinglist.php on line 38.
 1 APPPATH/Controllers/Shoppinglist.php(38): CodeIgniter\Debug\Exceptions->errorHandler()
 2 SYSTEMPATH/CodeIgniter.php(927): App\Controllers\ShoppingList->checkoff()
 3 SYSTEMPATH/CodeIgniter.php(482): CodeIgniter\CodeIgniter->runController()
 4 SYSTEMPATH/CodeIgniter.php(351): CodeIgniter\CodeIgniter->handleRequest()
 5 FCPATH/index.php(67): CodeIgniter\CodeIgniter->run()
